<?xml version="1.0" encoding="UTF-8"?>
<testng-results ignored="0" total="5" passed="5" failed="0" skipped="0">
  <reporter-output>
  </reporter-output>
  <suite started-at="2024-04-15T13:52:52 GMT-05:00" name="Guru99 Test Suite" finished-at="2024-04-15T13:54:13 GMT-05:00" duration-ms="80585">
    <groups>
    </groups>
    <test started-at="2024-04-15T13:52:52 GMT-05:00" name="Banking Demo Tests" finished-at="2024-04-15T13:54:13 GMT-05:00" duration-ms="80585">
      <class name="com.kalopap.guru99.Tests.ManagerHomeTest">
        <test-method signature="verifyManagerId()[pri:0, instance:com.kalopap.guru99.Tests.ManagerHomeTest@7bba5817]" started-at="2024-04-15T13:54:07 GMT-05:00" name="verifyManagerId" finished-at="2024-04-15T13:54:13 GMT-05:00" duration-ms="5451" status="PASS">
          <reporter-output>
          </reporter-output>
        </test-method> <!-- verifyManagerId -->
      </class> <!-- com.kalopap.guru99.Tests.ManagerHomeTest -->
      <class name="com.kalopap.guru99.Tests.LoginTest">
        <test-method is-config="true" signature="loadValues(java.lang.String,java.lang.String)[pri:0, instance:com.kalopap.guru99.Tests.LoginTest@6bbe85a8]" started-at="2024-04-15T13:52:52 GMT-05:00" name="loadValues" finished-at="2024-04-15T13:52:52 GMT-05:00" duration-ms="25" status="PASS">
          <params>
            <param index="0">
              <value>
                <![CDATA[http://www.demo.guru99.com/V4/]]>
              </value>
            </param>
            <param index="1">
              <value>
                <![CDATA[Firefox]]>
              </value>
            </param>
          </params>
          <reporter-output>
          </reporter-output>
        </test-method> <!-- loadValues -->
        <test-method signature="verifyLogin(java.lang.String,java.lang.String,java.lang.String)[pri:0, instance:com.kalopap.guru99.Tests.LoginTest@6bbe85a8]" started-at="2024-04-15T13:52:52 GMT-05:00" name="verifyLogin" data-provider="getData" finished-at="2024-04-15T13:53:09 GMT-05:00" duration-ms="16729" status="PASS">
          <params>
            <param index="0">
              <value>
                <![CDATA[mngr564548]]>
              </value>
            </param>
            <param index="1">
              <value>
                <![CDATA[InvalidPwd]]>
              </value>
            </param>
            <param index="2">
              <value>
                <![CDATA[Error]]>
              </value>
            </param>
          </params>
          <reporter-output>
          </reporter-output>
        </test-method> <!-- verifyLogin -->
        <test-method signature="verifyLogin(java.lang.String,java.lang.String,java.lang.String)[pri:0, instance:com.kalopap.guru99.Tests.LoginTest@6bbe85a8]" started-at="2024-04-15T13:53:09 GMT-05:00" name="verifyLogin" data-provider="getData" finished-at="2024-04-15T13:53:32 GMT-05:00" duration-ms="22855" status="PASS">
          <params>
            <param index="0">
              <value>
                <![CDATA[invalidUid]]>
              </value>
            </param>
            <param index="1">
              <value>
                <![CDATA[pupEgaj]]>
              </value>
            </param>
            <param index="2">
              <value>
                <![CDATA[Error]]>
              </value>
            </param>
          </params>
          <reporter-output>
          </reporter-output>
        </test-method> <!-- verifyLogin -->
        <test-method signature="verifyLogin(java.lang.String,java.lang.String,java.lang.String)[pri:0, instance:com.kalopap.guru99.Tests.LoginTest@6bbe85a8]" started-at="2024-04-15T13:53:32 GMT-05:00" name="verifyLogin" data-provider="getData" finished-at="2024-04-15T13:53:54 GMT-05:00" duration-ms="21702" status="PASS">
          <params>
            <param index="0">
              <value>
                <![CDATA[invalidUid]]>
              </value>
            </param>
            <param index="1">
              <value>
                <![CDATA[InvalidPwd]]>
              </value>
            </param>
            <param index="2">
              <value>
                <![CDATA[Error]]>
              </value>
            </param>
          </params>
          <reporter-output>
          </reporter-output>
        </test-method> <!-- verifyLogin -->
        <test-method signature="verifyLogin(java.lang.String,java.lang.String,java.lang.String)[pri:0, instance:com.kalopap.guru99.Tests.LoginTest@6bbe85a8]" started-at="2024-04-15T13:53:54 GMT-05:00" name="verifyLogin" data-provider="getData" finished-at="2024-04-15T13:54:07 GMT-05:00" duration-ms="13748" status="PASS">
          <params>
            <param index="0">
              <value>
                <![CDATA[mngr564548]]>
              </value>
            </param>
            <param index="1">
              <value>
                <![CDATA[pupEgaj]]>
              </value>
            </param>
            <param index="2">
              <value>
                <![CDATA[Valid]]>
              </value>
            </param>
          </params>
          <reporter-output>
          </reporter-output>
        </test-method> <!-- verifyLogin -->
      </class> <!-- com.kalopap.guru99.Tests.LoginTest -->
    </test> <!-- Banking Demo Tests -->
  </suite> <!-- Guru99 Test Suite -->
</testng-results>
