<?xml version="1.0" encoding="UTF-8"?>
<testng-results ignored="0" total="1" passed="1" failed="0" skipped="0">
  <reporter-output>
  </reporter-output>
  <suite started-at="2024-04-10T14:56:53 GMT-05:00" name="Default suite" finished-at="2024-04-10T14:57:09 GMT-05:00" duration-ms="15239">
    <groups>
    </groups>
    <test started-at="2024-04-10T14:56:53 GMT-05:00" name="Default test" finished-at="2024-04-10T14:57:09 GMT-05:00" duration-ms="15239">
      <class name="com.kalopap.guru99.Tests.LoginTest">
        <test-method signature="justTest()[pri:0, instance:com.kalopap.guru99.Tests.LoginTest@18df8434]" started-at="2024-04-10T14:56:53 GMT-05:00" name="justTest" finished-at="2024-04-10T14:57:09 GMT-05:00" duration-ms="15152" status="PASS">
          <reporter-output>
          </reporter-output>
        </test-method> <!-- justTest -->
      </class> <!-- com.kalopap.guru99.Tests.LoginTest -->
    </test> <!-- Default test -->
  </suite> <!-- Default suite -->
</testng-results>
