<?xml version="1.0" encoding="UTF-8"?>
<!-- Generated by org.testng.reporters.JUnitXMLReporter -->
<testsuite ignored="0" hostname="KALYANI-PC" failures="0" tests="3" name="Banking Demo Tests" time="46.302" errors="0" timestamp="2024-04-10T14:07:59 GMT-05:00">
  <testcase classname="com.kalopap.guru99.Tests.LoginTest" name="verifyLoginWithInvalidCred" time="21.094"/>
  <testcase classname="com.kalopap.guru99.Tests.LoginTest" name="verifyLoginWithValidCred" time="20.497"/>
  <testcase classname="com.kalopap.guru99.Tests.ManagerHomeTest" name="verifyManagerId" time="4.608"/>
</testsuite> <!-- Banking Demo Tests -->
