<?xml version="1.0" encoding="UTF-8"?>
<!-- Generated by org.testng.reporters.JUnitXMLReporter -->
<testsuite ignored="0" hostname="KALYANI-PC" failures="0" tests="5" name="Banking Demo Tests" time="91.617" errors="0" timestamp="2024-04-15T13:57:22 GMT-05:00">
  <testcase classname="com.kalopap.guru99.Tests.LoginTest" name="verifyLogin" time="20.099"/>
  <testcase classname="com.kalopap.guru99.Tests.LoginTest" name="verifyLogin" time="24.499"/>
  <testcase classname="com.kalopap.guru99.Tests.LoginTest" name="verifyLogin" time="24.824"/>
  <testcase classname="com.kalopap.guru99.Tests.LoginTest" name="verifyLogin" time="12.771"/>
  <testcase classname="com.kalopap.guru99.Tests.ManagerHomeTest" name="verifyManagerId" time="9.315"/>
</testsuite> <!-- Banking Demo Tests -->
